<?xml version="1.0" encoding="UTF-8"?>
<!-- Generated by org.testng.reporters.JUnitXMLReporter -->
<testsuite ignored="0" hostname="DESKTOP-JSFFI1V" failures="0" tests="5" name="Annotation Test Module2" time="0.178" errors="0" timestamp="2021-09-09T12:55:19 IST">
  <testcase classname="testngdiscussion.TestCasemodule2" name="admin" time="0.012"/>
  <testcase classname="testngdiscussion.TestCasemodule2" name="login" time="0.018"/>
  <testcase classname="testngdiscussion.TestCasemodule2" name="dashboard" time="0.009"/>
  <testcase classname="testngdiscussion.TestClassmodule2" name="dashboard2" time="0.01"/>
  <testcase classname="testngdiscussion.TestClassmodule2" name="login2" time="0.017"/>
</testsuite> <!-- Annotation Test Module2 -->
