<?xml version="1.0" encoding="UTF-8"?>
<!-- Generated by org.testng.reporters.JUnitXMLReporter -->
<testsuite ignored="0" hostname="DESKTOP-JSFFI1V" failures="0" tests="5" name="Annotation Test Module" time="0.558" errors="0" timestamp="2021-09-09T12:55:19 IST">
  <testcase classname="testngdiscussion.TestCase" name="admin" time="0.058"/>
  <testcase classname="testngdiscussion.TestCase" name="login" time="0.007"/>
  <testcase classname="testngdiscussion.TestCase" name="dashboard" time="0.006"/>
  <testcase classname="testngdiscussion.TestClass2" name="dashboard2" time="0.031"/>
  <testcase classname="testngdiscussion.TestClass2" name="login2" time="0.016"/>
</testsuite> <!-- Annotation Test Module -->
